
> parthui@1.0.3 build-storybook
> storybook build --output-dir=/var/folders/mb/m7__snd92bjdnjwwd57y8ytw0000gn/T/chromatic--15045-DiRQ4hlUHgZC

[1m@storybook/core v8.4.6
[22m
info => Cleaning outputDir: [36m../../../../../../var/folders/mb/m7__snd92bjdnjwwd57y8ytw0000gn/T/chromatic--15045-DiRQ4hlUHgZC[39m
info => Loading presets
info => Building manager..
info => Manager built ([38;2;181;126;229m301 ms[39m)
info => Building preview..
WARN No story files found for the specified pattern: [34msrc/**/*.mdx[39m
info Using tsconfig paths for react-docgen
[36mvite v6.0.2 [32mbuilding for production...[36m[39m
transforming...
[32m✓[39m 983 modules transformed.
rendering chunks...
computing gzip size...
[2m../../../../../../var/folders/mb/m7__snd92bjdnjwwd57y8ytw0000gn/T/chromatic--15045-DiRQ4hlUHgZC/[22m[32miframe.html                               [39m[1m[2m 16.32 kB[22m[1m[22m[2m │ gzip:   4.44 kB[22m
[2m../../../../../../var/folders/mb/m7__snd92bjdnjwwd57y8ytw0000gn/T/chromatic--15045-DiRQ4hlUHgZC/[22m[2massets/[22m[36mpreview-CIRcjyVj.js                [39m[1m[2m  0.11 kB[22m[1m[22m[2m │ gzip:   0.11 kB[22m
[2m../../../../../../var/folders/mb/m7__snd92bjdnjwwd57y8ytw0000gn/T/chromatic--15045-DiRQ4hlUHgZC/[22m[2massets/[22m[36mpreview-DFmD0pui.js                [39m[1m[2m  0.17 kB[22m[1m[22m[2m │ gzip:   0.15 kB[22m
[2m../../../../../../var/folders/mb/m7__snd92bjdnjwwd57y8ytw0000gn/T/chromatic--15045-DiRQ4hlUHgZC/[22m[2massets/[22m[36mindex-BLKynSmM.js                  [39m[1m[2m  0.42 kB[22m[1m[22m[2m │ gzip:   0.27 kB[22m
[2m../../../../../../var/folders/mb/m7__snd92bjdnjwwd57y8ytw0000gn/T/chromatic--15045-DiRQ4hlUHgZC/[22m[2massets/[22m[36mpreview-DGUiP6tS.js                [39m[1m[2m  0.71 kB[22m[1m[22m[2m │ gzip:   0.49 kB[22m
[2m../../../../../../var/folders/mb/m7__snd92bjdnjwwd57y8ytw0000gn/T/chromatic--15045-DiRQ4hlUHgZC/[22m[2massets/[22m[36mchunk-XP5HYGXS-BGCqD1aY.js         [39m[1m[2m  0.72 kB[22m[1m[22m[2m │ gzip:   0.41 kB[22m
[2m../../../../../../var/folders/mb/m7__snd92bjdnjwwd57y8ytw0000gn/T/chromatic--15045-DiRQ4hlUHgZC/[22m[2massets/[22m[36mindex-DrFu-skq.js                  [39m[1m[2m  0.77 kB[22m[1m[22m[2m │ gzip:   0.47 kB[22m
[2m../../../../../../var/folders/mb/m7__snd92bjdnjwwd57y8ytw0000gn/T/chromatic--15045-DiRQ4hlUHgZC/[22m[2massets/[22m[36mpreview-NYoAfN3n.js                [39m[1m[2m  0.81 kB[22m[1m[22m[2m │ gzip:   0.51 kB[22m
[2m../../../../../../var/folders/mb/m7__snd92bjdnjwwd57y8ytw0000gn/T/chromatic--15045-DiRQ4hlUHgZC/[22m[2massets/[22m[36mreact-18-CNJE3xZy.js               [39m[1m[2m  0.89 kB[22m[1m[22m[2m │ gzip:   0.50 kB[22m
[2m../../../../../../var/folders/mb/m7__snd92bjdnjwwd57y8ytw0000gn/T/chromatic--15045-DiRQ4hlUHgZC/[22m[2massets/[22m[36mjsx-runtime-Cl2eCCBe.js            [39m[1m[2m  1.00 kB[22m[1m[22m[2m │ gzip:   0.62 kB[22m
[2m../../../../../../var/folders/mb/m7__snd92bjdnjwwd57y8ytw0000gn/T/chromatic--15045-DiRQ4hlUHgZC/[22m[2massets/[22m[36mindex-DXfpL1vk.js                  [39m[1m[2m  1.79 kB[22m[1m[22m[2m │ gzip:   0.91 kB[22m
[2m../../../../../../var/folders/mb/m7__snd92bjdnjwwd57y8ytw0000gn/T/chromatic--15045-DiRQ4hlUHgZC/[22m[2massets/[22m[36mpreview-aVwhiz9X.js                [39m[1m[2m  3.50 kB[22m[1m[22m[2m │ gzip:   1.69 kB[22m
[2m../../../../../../var/folders/mb/m7__snd92bjdnjwwd57y8ytw0000gn/T/chromatic--15045-DiRQ4hlUHgZC/[22m[2massets/[22m[36miframe-Dl1iuwes.js                 [39m[1m[2m  3.81 kB[22m[1m[22m[2m │ gzip:   1.68 kB[22m
[2m../../../../../../var/folders/mb/m7__snd92bjdnjwwd57y8ytw0000gn/T/chromatic--15045-DiRQ4hlUHgZC/[22m[2massets/[22m[36mpreview-D77C14du.js                [39m[1m[2m  5.03 kB[22m[1m[22m[2m │ gzip:   1.86 kB[22m
[2m../../../../../../var/folders/mb/m7__snd92bjdnjwwd57y8ytw0000gn/T/chromatic--15045-DiRQ4hlUHgZC/[22m[2massets/[22m[36mindex-Cqyox1Tj.js                  [39m[1m[2m  7.33 kB[22m[1m[22m[2m │ gzip:   2.96 kB[22m
[2m../../../../../../var/folders/mb/m7__snd92bjdnjwwd57y8ytw0000gn/T/chromatic--15045-DiRQ4hlUHgZC/[22m[2massets/[22m[36mpreview-BWzBA1C2.js                [39m[1m[2m  7.62 kB[22m[1m[22m[2m │ gzip:   1.57 kB[22m
[2m../../../../../../var/folders/mb/m7__snd92bjdnjwwd57y8ytw0000gn/T/chromatic--15045-DiRQ4hlUHgZC/[22m[2massets/[22m[36mpreview-CFgKly6U.js                [39m[1m[2m  8.12 kB[22m[1m[22m[2m │ gzip:   3.08 kB[22m
[2m../../../../../../var/folders/mb/m7__snd92bjdnjwwd57y8ytw0000gn/T/chromatic--15045-DiRQ4hlUHgZC/[22m[2massets/[22m[36mColor-F6OSRLHC-ZUu9oW2M.js         [39m[1m[2m 29.38 kB[22m[1m[22m[2m │ gzip:  10.94 kB[22m
[2m../../../../../../var/folders/mb/m7__snd92bjdnjwwd57y8ytw0000gn/T/chromatic--15045-DiRQ4hlUHgZC/[22m[2massets/[22m[36mentry-preview-DScx43ed.js          [39m[1m[2m 40.91 kB[22m[1m[22m[2m │ gzip:  13.63 kB[22m
[2m../../../../../../var/folders/mb/m7__snd92bjdnjwwd57y8ytw0000gn/T/chromatic--15045-DiRQ4hlUHgZC/[22m[2massets/[22m[36mindex-CHGET4sZ.js                  [39m[1m[2m 53.74 kB[22m[1m[22m[2m │ gzip:  15.51 kB[22m
[2m../../../../../../var/folders/mb/m7__snd92bjdnjwwd57y8ytw0000gn/T/chromatic--15045-DiRQ4hlUHgZC/[22m[2massets/[22m[36mbutton.stories-DQQho87s.js         [39m[1m[2m104.87 kB[22m[1m[22m[2m │ gzip:  36.39 kB[22m
[2m../../../../../../var/folders/mb/m7__snd92bjdnjwwd57y8ytw0000gn/T/chromatic--15045-DiRQ4hlUHgZC/[22m[2massets/[22m[36mindex-DGXSSr1l.js                  [39m[1m[2m134.21 kB[22m[1m[22m[2m │ gzip:  43.17 kB[22m
[2m../../../../../../var/folders/mb/m7__snd92bjdnjwwd57y8ytw0000gn/T/chromatic--15045-DiRQ4hlUHgZC/[22m[2massets/[22m[36mentry-preview-docs-DhRFChcp.js     [39m[1m[2m256.59 kB[22m[1m[22m[2m │ gzip:  76.45 kB[22m
[2m../../../../../../var/folders/mb/m7__snd92bjdnjwwd57y8ytw0000gn/T/chromatic--15045-DiRQ4hlUHgZC/[22m[2massets/[22m[36mpreview-BJ6EHSBF.js                [39m[1m[33m545.45 kB[39m[22m[2m │ gzip: 144.20 kB[22m
[2m../../../../../../var/folders/mb/m7__snd92bjdnjwwd57y8ytw0000gn/T/chromatic--15045-DiRQ4hlUHgZC/[22m[2massets/[22m[36mDocsRenderer-CFRXHY34-CXYxBgLY.js  [39m[1m[33m889.73 kB[39m[22m[2m │ gzip: 276.89 kB[22m
[32m✓ built in 6.66s[39m
info => Preview built ([38;2;181;126;229m7.81 s[39m)
info => Output directory: /var/folders/mb/m7__snd92bjdnjwwd57y8ytw0000gn/T/chromatic--15045-DiRQ4hlUHgZC
